Base path: /Applications/Unity/Unity.app/Contents
Pipe name: \\.\pipe\UnityShaderCompiler-4--1330884608
Cmd: getPlatforms
Cmd: compileSnippet
  api=0 type=0 insize=3341 outsize=1475 kw=SPOT ok=1
Cmd: compileSnippet
  api=0 type=1 insize=3341 outsize=977 kw=POINT_COOKIE ok=1
Cmd: compileSnippet
  api=0 type=0 insize=6771 outsize=1168 kw=DIRECTIONAL SHADOWS_OFF LIGHTMAP_ON DIRLIGHTMAP_ON ok=1
Cmd: compileSnippet
  api=0 type=0 insize=6771 outsize=2419 kw=DIRECTIONAL SHADOWS_SCREEN LIGHTMAP_OFF DIRLIGHTMAP_OFF VERTEXLIGHT_ON ok=1
Cmd: compileSnippet
  api=0 type=1 insize=6771 outsize=2929 kw=DIRECTIONAL SHADOWS_SCREEN LIGHTMAP_ON DIRLIGHTMAP_ON ok=1
Cmd: compileSnippet
  api=0 type=0 insize=4335 outsize=1503 kw=POINT_COOKIE ok=1
Cmd: compileSnippet
  api=0 type=1 insize=4335 outsize=2695 kw=POINT_COOKIE ok=1
Cmd: compileSnippet
  api=0 type=0 insize=6178 outsize=1028 kw=LIGHTMAP_ON DIRLIGHTMAP_OFF HDR_LIGHT_PREPASS_OFF ok=1
Cmd: compileSnippet
  api=0 type=0 insize=6178 outsize=1275 kw=LIGHTMAP_ON DIRLIGHTMAP_ON HDR_LIGHT_PREPASS_ON ok=1
Cmd: compileSnippet
  api=0 type=1 insize=6178 outsize=1614 kw=LIGHTMAP_OFF DIRLIGHTMAP_OFF HDR_LIGHT_PREPASS_ON ok=1
Cmd: compileSnippet
  api=0 type=1 insize=6178 outsize=2881 kw=LIGHTMAP_ON DIRLIGHTMAP_ON HDR_LIGHT_PREPASS_ON ok=1
Cmd: compileSnippet
  api=0 type=0 insize=3349 outsize=1083 kw=SHADOWS_SPLIT_SPHERES SHADOWS_NONATIVE ok=1
End of pipe

Quitting shader compiler process
