Base path: /Applications/Unity/Unity.app/Contents
Pipe name: \\.\pipe\UnityShaderCompiler-1--1593458220
Cmd: getPlatforms
Cmd: preprocess
  insize=643 outsize=643 ok=1
Cmd: preprocess
  insize=195 outsize=195 ok=1
Cmd: preprocess
  insize=737 outsize=333 ok=1
Cmd: compileSnippet
  api=0 type=0 insize=706 outsize=428 kw= ok=1
Cmd: compileSnippet
  api=0 type=1 insize=706 outsize=338 kw= ok=1
Cmd: preprocess
  insize=976 outsize=976 ok=1
Cmd: preprocess
  insize=1131 outsize=1131 ok=1
Cmd: preprocess
  insize=242 outsize=242 ok=1
Cmd: preprocess
  insize=965 outsize=1120 ok=1
Cmd: compileSnippet
  api=0 type=0 insize=4580 outsize=919 kw=DIRECTIONAL LIGHTMAP_OFF DIRLIGHTMAP_OFF ok=1
Cmd: compileSnippet
  api=0 type=1 insize=4580 outsize=539 kw=DIRECTIONAL LIGHTMAP_OFF DIRLIGHTMAP_OFF ok=1
Cmd: compileSnippet
  api=0 type=0 insize=2538 outsize=817 kw=POINT ok=1
Cmd: compileSnippet
  api=0 type=1 insize=2538 outsize=706 kw=POINT ok=1
Cmd: preprocess
  insize=659 outsize=659 ok=1
Cmd: preprocess
  insize=460 outsize=460 ok=1
